Performing C SOURCE FILE Test CMAKE_HAVE_LIBC_PTHREAD failed with the following output:
Change Dir: /home/ljb/crazyswarm/ros_ws/src/externalDependencies/libmotioncapture/build/CMakeFiles/CMakeTmp

Run Build Command(s):/usr/bin/make cmTC_b4d04/fast && /usr/bin/make -f CMakeFiles/cmTC_b4d04.dir/build.make CMakeFiles/cmTC_b4d04.dir/build
make[1]: 进入目录“/home/ljb/crazyswarm/ros_ws/src/externalDependencies/libmotioncapture/build/CMakeFiles/CMakeTmp”
Building C object CMakeFiles/cmTC_b4d04.dir/src.c.o
/usr/bin/cc   -DCMAKE_HAVE_LIBC_PTHREAD   -o CMakeFiles/cmTC_b4d04.dir/src.c.o   -c /home/ljb/crazyswarm/ros_ws/src/externalDependencies/libmotioncapture/build/CMakeFiles/CMakeTmp/src.c
Linking C executable cmTC_b4d04
/usr/bin/cmake -E cmake_link_script CMakeFiles/cmTC_b4d04.dir/link.txt --verbose=1
/usr/bin/cc  -DCMAKE_HAVE_LIBC_PTHREAD    -rdynamic CMakeFiles/cmTC_b4d04.dir/src.c.o  -o cmTC_b4d04 
/usr/bin/ld: CMakeFiles/cmTC_b4d04.dir/src.c.o: in function `main':
src.c:(.text+0x46): undefined reference to `pthread_create'
/usr/bin/ld: src.c:(.text+0x52): undefined reference to `pthread_detach'
/usr/bin/ld: src.c:(.text+0x63): undefined reference to `pthread_join'
collect2: error: ld returned 1 exit status
make[1]: *** [CMakeFiles/cmTC_b4d04.dir/build.make:87：cmTC_b4d04] 错误 1
make[1]: 离开目录“/home/ljb/crazyswarm/ros_ws/src/externalDependencies/libmotioncapture/build/CMakeFiles/CMakeTmp”
make: *** [Makefile:121：cmTC_b4d04/fast] 错误 2


Source file was:
#include <pthread.h>

void* test_func(void* data)
{
  return data;
}

int main(void)
{
  pthread_t thread;
  pthread_create(&thread, NULL, test_func, NULL);
  pthread_detach(thread);
  pthread_join(thread, NULL);
  pthread_atfork(NULL, NULL, NULL);
  pthread_exit(NULL);

  return 0;
}

Determining if the function pthread_create exists in the pthreads failed with the following output:
Change Dir: /home/ljb/crazyswarm/ros_ws/src/externalDependencies/libmotioncapture/build/CMakeFiles/CMakeTmp

Run Build Command(s):/usr/bin/make cmTC_b9e8b/fast && /usr/bin/make -f CMakeFiles/cmTC_b9e8b.dir/build.make CMakeFiles/cmTC_b9e8b.dir/build
make[1]: 进入目录“/home/ljb/crazyswarm/ros_ws/src/externalDependencies/libmotioncapture/build/CMakeFiles/CMakeTmp”
Building C object CMakeFiles/cmTC_b9e8b.dir/CheckFunctionExists.c.o
/usr/bin/cc   -DCHECK_FUNCTION_EXISTS=pthread_create   -o CMakeFiles/cmTC_b9e8b.dir/CheckFunctionExists.c.o   -c /usr/share/cmake-3.16/Modules/CheckFunctionExists.c
Linking C executable cmTC_b9e8b
/usr/bin/cmake -E cmake_link_script CMakeFiles/cmTC_b9e8b.dir/link.txt --verbose=1
/usr/bin/cc  -DCHECK_FUNCTION_EXISTS=pthread_create    -rdynamic CMakeFiles/cmTC_b9e8b.dir/CheckFunctionExists.c.o  -o cmTC_b9e8b  -lpthreads 
/usr/bin/ld: 找不到 -lpthreads
collect2: error: ld returned 1 exit status
make[1]: *** [CMakeFiles/cmTC_b9e8b.dir/build.make:87：cmTC_b9e8b] 错误 1
make[1]: 离开目录“/home/ljb/crazyswarm/ros_ws/src/externalDependencies/libmotioncapture/build/CMakeFiles/CMakeTmp”
make: *** [Makefile:121：cmTC_b9e8b/fast] 错误 2



Determining if the pthread_create exist failed with the following output:
Change Dir: /home/ljb/crazyswarm/ros_ws/src/externalDependencies/libmotioncapture/build/CMakeFiles/CMakeTmp

Run Build Command:"/usr/bin/make" "cmTC_63311/fast"
/usr/bin/make -f CMakeFiles/cmTC_63311.dir/build.make CMakeFiles/cmTC_63311.dir/build
make[1]: 进入目录“/home/ljb/crazyswarm/ros_ws/src/externalDependencies/libmotioncapture/build/CMakeFiles/CMakeTmp”
Building C object CMakeFiles/cmTC_63311.dir/CheckSymbolExists.c.o
/usr/bin/cc    -o CMakeFiles/cmTC_63311.dir/CheckSymbolExists.c.o   -c /home/ljb/crazyswarm/ros_ws/src/externalDependencies/libmotioncapture/build/CMakeFiles/CMakeTmp/CheckSymbolExists.c
Linking C executable cmTC_63311
/usr/bin/cmake -E cmake_link_script CMakeFiles/cmTC_63311.dir/link.txt --verbose=1
/usr/bin/cc      -rdynamic CMakeFiles/cmTC_63311.dir/CheckSymbolExists.c.o  -o cmTC_63311 
CMakeFiles/cmTC_63311.dir/CheckSymbolExists.c.o：在函数‘main’中：
CheckSymbolExists.c:(.text+0x1b)：对‘pthread_create’未定义的引用
collect2: error: ld returned 1 exit status
CMakeFiles/cmTC_63311.dir/build.make:97: recipe for target 'cmTC_63311' failed
make[1]: *** [cmTC_63311] Error 1
make[1]: 离开目录“/home/ljb/crazyswarm/ros_ws/src/externalDependencies/libmotioncapture/build/CMakeFiles/CMakeTmp”
Makefile:126: recipe for target 'cmTC_63311/fast' failed
make: *** [cmTC_63311/fast] Error 2

File /home/ljb/crazyswarm/ros_ws/src/externalDependencies/libmotioncapture/build/CMakeFiles/CMakeTmp/CheckSymbolExists.c:
/* */
#include <pthread.h>

int main(int argc, char** argv)
{
  (void)argv;
#ifndef pthread_create
  return ((int*)(&pthread_create))[argc];
#else
  (void)argc;
  return 0;
#endif
}

Determining if the pthread_create exist failed with the following output:
Change Dir: /home/ljb/crazyswarm/ros_ws/src/externalDependencies/libmotioncapture/build/CMakeFiles/CMakeTmp

Run Build Command:"/usr/bin/make" "cmTC_43060/fast"
/usr/bin/make -f CMakeFiles/cmTC_43060.dir/build.make CMakeFiles/cmTC_43060.dir/build
make[1]: 进入目录“/home/ljb/crazyswarm/ros_ws/src/externalDependencies/libmotioncapture/build/CMakeFiles/CMakeTmp”
Building C object CMakeFiles/cmTC_43060.dir/CheckSymbolExists.c.o
/usr/bin/cc    -o CMakeFiles/cmTC_43060.dir/CheckSymbolExists.c.o   -c /home/ljb/crazyswarm/ros_ws/src/externalDependencies/libmotioncapture/build/CMakeFiles/CMakeTmp/CheckSymbolExists.c
Linking C executable cmTC_43060
/usr/bin/cmake -E cmake_link_script CMakeFiles/cmTC_43060.dir/link.txt --verbose=1
/usr/bin/cc      -rdynamic CMakeFiles/cmTC_43060.dir/CheckSymbolExists.c.o  -o cmTC_43060 
CMakeFiles/cmTC_43060.dir/CheckSymbolExists.c.o：在函数‘main’中：
CheckSymbolExists.c:(.text+0x1b)：对‘pthread_create’未定义的引用
collect2: error: ld returned 1 exit status
CMakeFiles/cmTC_43060.dir/build.make:97: recipe for target 'cmTC_43060' failed
make[1]: *** [cmTC_43060] Error 1
make[1]: 离开目录“/home/ljb/crazyswarm/ros_ws/src/externalDependencies/libmotioncapture/build/CMakeFiles/CMakeTmp”
Makefile:126: recipe for target 'cmTC_43060/fast' failed
make: *** [cmTC_43060/fast] Error 2

File /home/ljb/crazyswarm/ros_ws/src/externalDependencies/libmotioncapture/build/CMakeFiles/CMakeTmp/CheckSymbolExists.c:
/* */
#include <pthread.h>

int main(int argc, char** argv)
{
  (void)argv;
#ifndef pthread_create
  return ((int*)(&pthread_create))[argc];
#else
  (void)argc;
  return 0;
#endif
}

